{"method":"GET","url":"/","host":"localhost:8000","ip":"::1","body":"No body","params":{},"query":{},"timestamp":"2026-03-25T05:42:12.590Z"}
{"method":"GET","url":"/","host":"localhost:8000","ip":"::1","body":"No body","params":{},"query":{},"timestamp":"2026-03-25T05:42:20.026Z"}
{"method":"GET","url":"/auth/login?username=Adwait&email=adp@gmail.com","host":"localhost:8000","ip":"::1","body":"No body","params":{},"query":{"username":"Adwait","email":"adp@gmail.com"},"timestamp":"2026-03-25T05:47:38.547Z"}
{"method":"POST","url":"/users/add","host":"localhost:8000","ip":"::1","body":{"id":8,"name":"new user 8"},"params":{},"query":{},"timestamp":"2026-03-25T05:47:59.285Z"}
{"method":"GET","url":"/favicon.ico","host":"localhost:8000","ip":"::1","body":"No body","params":{},"query":{},"timestamp":"2026-03-30T05:00:59.058Z"}
{"method":"GET","url":"/","host":"localhost:8000","ip":"::1","body":"No body","params":{},"query":{},"timestamp":"2026-03-30T05:42:43.223Z"}
{"method":"GET","url":"/homw","host":"localhost:8000","ip":"::1","body":"No body","params":{},"query":{},"timestamp":"2026-03-30T06:20:27.870Z"}
{"method":"GET","url":"/users","host":"localhost:8000","ip":"::1","body":"No body","params":{},"query":{},"timestamp":"2026-04-08T05:19:23.959Z"}
{"method":"GET","url":"/users","host":"localhost:8000","ip":"::1","body":"No body","params":{},"query":{},"timestamp":"2026-04-08T05:29:40.878Z"}
{"method":"GET","url":"/users","host":"localhost:8000","ip":"::1","body":"No body","params":{},"query":{},"timestamp":"2026-04-08T05:29:51.153Z"}
{"method":"GET","url":"/users","host":"localhost:8000","ip":"::1","body":"No body","params":{},"query":{},"timestamp":"2026-04-08T05:30:03.541Z"}
{"method":"GET","url":"/users","host":"localhost:8000","ip":"::1","body":"No body","params":{},"query":{},"timestamp":"2026-04-08T05:30:08.662Z"}
{"method":"GET","url":"/users/6","host":"localhost:8000","ip":"::1","body":"No body","params":{},"query":{},"timestamp":"2026-04-08T05:33:33.458Z"}
{"method":"GET","url":"/users","host":"localhost:8000","ip":"::1","body":"No body","params":{},"query":{},"timestamp":"2026-04-08T05:35:27.246Z"}
{"method":"GET","url":"/users/6","host":"localhost:8000","ip":"::1","body":"No body","params":{},"query":{},"timestamp":"2026-04-08T05:36:33.989Z"}
{"method":"GET","url":"/users/Priya","host":"localhost:8000","ip":"::1","body":"No body","params":{},"query":{},"timestamp":"2026-04-08T05:37:10.076Z"}
{"method":"GET","url":"/users/Priya","host":"localhost:8000","ip":"::1","body":"No body","params":{},"query":{},"timestamp":"2026-04-08T05:37:26.821Z"}
{"method":"GET","url":"/users/1","host":"localhost:8000","ip":"::1","body":"No body","params":{},"query":{},"timestamp":"2026-04-08T05:38:26.281Z"}
{"method":"GET","url":"/users/1","host":"localhost:8000","ip":"::1","body":"No body","params":{},"query":{},"timestamp":"2026-04-08T05:38:37.485Z"}
{"method":"GET","url":"/users/1","host":"localhost:8000","ip":"::1","body":"No body","params":{},"query":{},"timestamp":"2026-04-08T05:38:57.412Z"}
{"method":"GET","url":"/users/1","host":"localhost:8000","ip":"::1","body":"No body","params":{},"query":{},"timestamp":"2026-04-08T05:41:06.143Z"}
{"method":"GET","url":"/users/6","host":"localhost:8000","ip":"::1","body":"No body","params":{},"query":{},"timestamp":"2026-04-08T05:43:06.667Z"}
{"method":"GET","url":"/users/4","host":"localhost:8000","ip":"::1","body":"No body","params":{},"query":{},"timestamp":"2026-04-08T05:43:09.933Z"}
{"method":"GET","url":"/users/5","host":"localhost:8000","ip":"::1","body":"No body","params":{},"query":{},"timestamp":"2026-04-08T05:43:11.663Z"}
{"method":"GET","url":"/users/3","host":"localhost:8000","ip":"::1","body":"No body","params":{},"query":{},"timestamp":"2026-04-08T05:43:13.616Z"}
{"method":"GET","url":"/users/2","host":"localhost:8000","ip":"::1","body":"No body","params":{},"query":{},"timestamp":"2026-04-08T05:43:15.185Z"}
{"method":"GET","url":"/users/","host":"localhost:8000","ip":"::1","body":"No body","params":{},"query":{},"timestamp":"2026-04-08T05:43:16.781Z"}
{"method":"GET","url":"/users/1","host":"localhost:8000","ip":"::1","body":"No body","params":{},"query":{},"timestamp":"2026-04-08T05:44:24.170Z"}
{"method":"POST","url":"/users/add","host":"localhost:8000","ip":"::1","body":{"_id":5,"name":"Adwait Patel","age":20},"params":{},"query":{},"timestamp":"2026-04-08T06:00:30.212Z"}
{"method":"GET","url":"/users/1","host":"localhost:8000","ip":"::1","body":"No body","params":{},"query":{},"timestamp":"2026-04-08T06:04:09.775Z"}
{"method":"POST","url":"/users/add","host":"localhost:8000","ip":"::1","body":{"_id":5,"name":"Adwait Patel","age":20},"params":{},"query":{},"timestamp":"2026-04-08T06:05:34.307Z"}
{"method":"POST","url":"/users/add","host":"localhost:8000","ip":"::1","body":{"_id":5,"name":"Adwait Patel","age":20},"params":{},"query":{},"timestamp":"2026-04-08T06:05:50.240Z"}
{"method":"GET","url":"/users","host":"localhost:8000","ip":"::1","body":"No body","params":{},"query":{},"timestamp":"2026-04-08T06:08:31.280Z"}
{"method":"GET","url":"/users","host":"localhost:8000","ip":"::1","body":"No body","params":{},"query":{},"timestamp":"2026-04-08T06:08:33.955Z"}
{"method":"GET","url":"/users/1","host":"localhost:8000","ip":"::1","body":"No body","params":{},"query":{},"timestamp":"2026-04-08T06:08:41.189Z"}
{"method":"GET","url":"/users/1","host":"localhost:8000","ip":"::1","body":"No body","params":{},"query":{},"timestamp":"2026-04-08T06:09:29.918Z"}
{"method":"GET","url":"/users/1","host":"localhost:8000","ip":"::1","body":"No body","params":{},"query":{},"timestamp":"2026-04-08T06:12:15.813Z"}
{"method":"POST","url":"/users/add","host":"localhost:8000","ip":"::1","body":{"_id":5,"name":"Adwait Patel","age":20},"params":{},"query":{},"timestamp":"2026-04-08T06:12:22.185Z"}
{"method":"GET","url":"/users/5","host":"localhost:8000","ip":"::1","body":"No body","params":{},"query":{},"timestamp":"2026-04-08T06:12:27.307Z"}
{"method":"POST","url":"/users/add","host":"localhost:8000","ip":"::1","body":{"_id":5,"name":"Adwait Patel","age":20},"params":{},"query":{},"timestamp":"2026-04-08T06:13:52.881Z"}
{"method":"POST","url":"/users/add","host":"localhost:8000","ip":"::1","body":{"_id":6,"name":"Om Sharma","age":35,"course":"B.Tech","skills":["Reels"],"address":{"city":"Agra","pincode":"218007"},"isActive":true,"marks":[{"subject":"CSE","score":75},{"subject":"DSA","score":90}]},"params":{},"query":{},"timestamp":"2026-04-08T06:17:11.309Z"}
{"method":"POST","url":"/users/add","host":"localhost:8000","ip":"::1","body":{"_id":6,"name":"Om Sharma","age":35,"course":"B.Tech","skills":["Reels"],"address":{"city":"Agra","pincode":"218007"},"isActive":true,"marks":[{"subject":"CSE","score":75},{"subject":"DSA","score":90}]},"params":{},"query":{},"timestamp":"2026-04-08T06:20:06.703Z"}
